d:\uni\4400\handmade game engine\handmade\release\vc141.pdb
d:\uni\4400\handmade game engine\handmade\release\light.obj
d:\uni\4400\handmade game engine\handmade\release\laserbeam.obj
d:\uni\4400\handmade game engine\handmade\release\inputmanager.obj
d:\uni\4400\handmade game engine\handmade\release\hud.obj
d:\uni\4400\handmade game engine\handmade\release\gameobject.obj
d:\uni\4400\handmade game engine\handmade\release\game.obj
d:\uni\4400\handmade game engine\handmade\release\endstate.obj
d:\uni\4400\handmade game engine\handmade\release\debugmanager.obj
d:\uni\4400\handmade game engine\handmade\release\hudcamera.obj
d:\uni\4400\handmade game engine\handmade\release\gamestate.obj
d:\uni\4400\handmade game engine\handmade\release\explosionanim.obj
d:\uni\4400\handmade game engine\handmade\release\enemy.obj
d:\uni\4400\handmade game engine\handmade\release\camera.obj
d:\uni\4400\handmade game engine\handmade\release\bullet.obj
d:\uni\4400\handmade game engine\handmade\release\buffer.obj
d:\uni\4400\handmade game engine\handmade\release\audiomanager.obj
d:\uni\4400\handmade game engine\handmade\release\audio.obj
d:\uni\4400\handmade game engine\handmade\release\asteroid.obj
d:\uni\4400\handmade game engine\handmade\release\animation.obj
d:\uni\4400\handmade game engine\handmade\release\aabb.obj
d:\uni\4400\handmade game engine\handmade\release\textbox.obj
d:\uni\4400\handmade game engine\handmade\release\text.obj
d:\uni\4400\handmade game engine\handmade\release\startstate.obj
d:\uni\4400\handmade game engine\handmade\release\sprite.obj
d:\uni\4400\handmade game engine\handmade\release\splashscreen.obj
d:\uni\4400\handmade game engine\handmade\release\sphere.obj
d:\uni\4400\handmade game engine\handmade\release\screenmanager.obj
d:\uni\4400\handmade game engine\handmade\release\rigidbody.obj
d:\uni\4400\handmade game engine\handmade\release\quaternion.obj
d:\uni\4400\handmade game engine\handmade\release\player.obj
d:\uni\4400\handmade game engine\handmade\release\planet.obj
d:\uni\4400\handmade game engine\handmade\release\pipelinemanager.obj
d:\uni\4400\handmade game engine\handmade\release\obb.obj
d:\uni\4400\handmade game engine\handmade\release\moon.obj
d:\uni\4400\handmade game engine\handmade\release\model.obj
d:\uni\4400\handmade game engine\handmade\release\material.obj
d:\uni\4400\handmade game engine\handmade\release\mainstate.obj
d:\uni\4400\handmade game engine\handmade\release\maincamera.obj
d:\uni\4400\handmade game engine\handmade\release\main.obj
d:\uni\4400\handmade game engine\handmade\release\lives.obj
d:\uni\4400\handmade game engine\handmade\release\universe.obj
d:\uni\4400\handmade game engine\handmade\release\tools.obj
d:\uni\4400\handmade game engine\handmade\release\texture.obj
d:\uni\4400\handmade game engine\release\handmade.ipdb
d:\uni\4400\handmade game engine\release\handmade.iobj
d:\uni\4400\handmade game engine\release\handmade.exe
d:\uni\4400\handmade game engine\release\handmade.pdb
d:\uni\4400\handmade game engine\handmade\release\handmade.tlog\cl.command.1.tlog
d:\uni\4400\handmade game engine\handmade\release\handmade.tlog\cl.read.1.tlog
d:\uni\4400\handmade game engine\handmade\release\handmade.tlog\cl.write.1.tlog
d:\uni\4400\handmade game engine\handmade\release\handmade.tlog\handmade.write.1u.tlog
d:\uni\4400\handmade game engine\handmade\release\handmade.tlog\link.command.1.tlog
d:\uni\4400\handmade game engine\handmade\release\handmade.tlog\link.read.1.tlog
d:\uni\4400\handmade game engine\handmade\release\handmade.tlog\link.write.1.tlog
