d:\uni\4400\handmade game engine\handmade\debug\vc141.pdb
d:\uni\4400\handmade game engine\handmade\debug\vc141.idb
d:\uni\4400\handmade game engine\handmade\debug\maincamera.obj
d:\uni\4400\handmade game engine\handmade\debug\material.obj
d:\uni\4400\handmade game engine\handmade\debug\model.obj
d:\uni\4400\handmade game engine\handmade\debug\moon.obj
d:\uni\4400\handmade game engine\handmade\debug\notes.obj
d:\uni\4400\handmade game engine\handmade\debug\obb.obj
d:\uni\4400\handmade game engine\handmade\debug\pipelinemanager.obj
d:\uni\4400\handmade game engine\handmade\debug\planet.obj
d:\uni\4400\handmade game engine\handmade\debug\player.obj
d:\uni\4400\handmade game engine\handmade\debug\quaternion.obj
d:\uni\4400\handmade game engine\handmade\debug\screenmanager.obj
d:\uni\4400\handmade game engine\handmade\debug\sphere.obj
d:\uni\4400\handmade game engine\handmade\debug\splashscreen.obj
d:\uni\4400\handmade game engine\handmade\debug\sprite.obj
d:\uni\4400\handmade game engine\handmade\debug\startstate.obj
d:\uni\4400\handmade game engine\handmade\debug\text.obj
d:\uni\4400\handmade game engine\handmade\debug\texture.obj
d:\uni\4400\handmade game engine\handmade\debug\tools.obj
d:\uni\4400\handmade game engine\handmade\debug\universe.obj
d:\uni\4400\handmade game engine\handmade\debug\aabb.obj
d:\uni\4400\handmade game engine\handmade\debug\animation.obj
d:\uni\4400\handmade game engine\handmade\debug\asteroid.obj
d:\uni\4400\handmade game engine\handmade\debug\audio.obj
d:\uni\4400\handmade game engine\handmade\debug\audiomanager.obj
d:\uni\4400\handmade game engine\handmade\debug\buffer.obj
d:\uni\4400\handmade game engine\handmade\debug\bullet.obj
d:\uni\4400\handmade game engine\handmade\debug\camera.obj
d:\uni\4400\handmade game engine\handmade\debug\enemy.obj
d:\uni\4400\handmade game engine\handmade\debug\gamestate.obj
d:\uni\4400\handmade game engine\handmade\debug\hudcamera.obj
d:\uni\4400\handmade game engine\handmade\debug\debugmanager.obj
d:\uni\4400\handmade game engine\handmade\debug\endstate.obj
d:\uni\4400\handmade game engine\handmade\debug\game.obj
d:\uni\4400\handmade game engine\handmade\debug\gameobject.obj
d:\uni\4400\handmade game engine\handmade\debug\hud.obj
d:\uni\4400\handmade game engine\handmade\debug\inputmanager.obj
d:\uni\4400\handmade game engine\handmade\debug\light.obj
d:\uni\4400\handmade game engine\handmade\debug\main.obj
d:\uni\4400\handmade game engine\handmade\debug\mainstate.obj
d:\uni\4400\handmade game engine\debug\handmade.exe
d:\uni\4400\handmade game engine\debug\handmade.ilk
d:\uni\4400\handmade game engine\debug\handmade.pdb
d:\uni\4400\handmade game engine\handmade\debug\handmade.tlog\cl.command.1.tlog
d:\uni\4400\handmade game engine\handmade\debug\handmade.tlog\cl.read.1.tlog
d:\uni\4400\handmade game engine\handmade\debug\handmade.tlog\cl.write.1.tlog
d:\uni\4400\handmade game engine\handmade\debug\handmade.tlog\link.command.1.tlog
d:\uni\4400\handmade game engine\handmade\debug\handmade.tlog\link.read.1.tlog
d:\uni\4400\handmade game engine\handmade\debug\handmade.tlog\link.write.1.tlog
